<?xml version="1.0" encoding="UTF-8"?>
<!-- Generated by org.testng.reporters.JUnitXMLReporter -->
<testsuite ignored="0" hostname="DESKTOP-5D7H31A" failures="0" tests="4" name="Default test" time="46.166" errors="0" timestamp="2022-09-25T17:41:13 IST">
  <testcase classname="com.hybrid.TestClass.TC_LoginTestCases" name="SetupStart" time="5.298"/>
  <testcase classname="com.hybrid.TestClass.TC_LoginTestCases" name="ClickonLoginBtn1" time="0.172"/>
  <testcase classname="com.hybrid.TestClass.TC_LoginTestCases" name="EnterCread1" time="29.644"/>
  <testcase classname="com.hybrid.TestClass.TC_LoginTestCases" name="ClickOnLogOut1" time="10.916"/>
</testsuite> <!-- Default test -->
