<?xml version="1.0" encoding="UTF-8"?>
<!-- Generated by org.testng.reporters.JUnitXMLReporter -->
<testsuite ignored="0" hostname="DESKTOP-5D7H31A" failures="0" tests="4" name="Default test" time="31.823" errors="0" timestamp="2022-07-01T17:27:32 IST">
  <testcase classname="com.hybrid.TestClass.TC_LoginTestCases" name="SetupStart" time="4.91"/>
  <testcase classname="com.hybrid.TestClass.TC_LoginTestCases" name="ClickonLoginBtn1" time="6.072"/>
  <testcase classname="com.hybrid.TestClass.TC_LoginTestCases" name="EnterCread1" time="7.587"/>
  <testcase classname="com.hybrid.TestClass.TC_LoginTestCases" name="ClickOnLogOut1" time="13.145"/>
</testsuite> <!-- Default test -->
