<?xml version="1.0" encoding="UTF-8"?>
<testng-results ignored="0" total="4" passed="4" failed="0" skipped="0">
  <reporter-output>
  </reporter-output>
  <suite started-at="2022-07-01T17:27:00 IST" name="Default suite" finished-at="2022-07-01T17:27:32 IST" duration-ms="31823">
    <groups>
    </groups>
    <test started-at="2022-07-01T17:27:00 IST" name="Default test" finished-at="2022-07-01T17:27:32 IST" duration-ms="31823">
      <class name="com.hybrid.TestClass.TC_LoginTestCases">
        <test-method is-config="true" signature="setup()[pri:0, instance:com.hybrid.TestClass.TC_LoginTestCases@20140db9]" started-at="2022-07-01T17:26:55 IST" name="setup" finished-at="2022-07-01T17:27:00 IST" duration-ms="5129" status="PASS">
          <reporter-output>
          </reporter-output>
        </test-method> <!-- setup -->
        <test-method signature="SetupStart()[pri:1, instance:com.hybrid.TestClass.TC_LoginTestCases@20140db9]" started-at="2022-07-01T17:27:00 IST" name="SetupStart" finished-at="2022-07-01T17:27:05 IST" duration-ms="4910" status="PASS">
          <reporter-output>
          </reporter-output>
        </test-method> <!-- SetupStart -->
        <test-method signature="ClickonLoginBtn1()[pri:2, instance:com.hybrid.TestClass.TC_LoginTestCases@20140db9]" started-at="2022-07-01T17:27:05 IST" name="ClickonLoginBtn1" finished-at="2022-07-01T17:27:11 IST" duration-ms="6072" status="PASS">
          <reporter-output>
          </reporter-output>
        </test-method> <!-- ClickonLoginBtn1 -->
        <test-method signature="EnterCread1()[pri:3, instance:com.hybrid.TestClass.TC_LoginTestCases@20140db9]" started-at="2022-07-01T17:27:11 IST" name="EnterCread1" finished-at="2022-07-01T17:27:19 IST" duration-ms="7587" status="PASS">
          <reporter-output>
          </reporter-output>
        </test-method> <!-- EnterCread1 -->
        <test-method signature="ClickOnLogOut1()[pri:4, instance:com.hybrid.TestClass.TC_LoginTestCases@20140db9]" started-at="2022-07-01T17:27:19 IST" name="ClickOnLogOut1" finished-at="2022-07-01T17:27:32 IST" duration-ms="13145" status="PASS">
          <reporter-output>
          </reporter-output>
        </test-method> <!-- ClickOnLogOut1 -->
        <test-method is-config="true" signature="TearUp()[pri:0, instance:com.hybrid.TestClass.TC_LoginTestCases@20140db9]" started-at="2022-07-01T17:27:32 IST" name="TearUp" finished-at="2022-07-01T17:27:32 IST" duration-ms="255" status="PASS">
          <reporter-output>
          </reporter-output>
        </test-method> <!-- TearUp -->
      </class> <!-- com.hybrid.TestClass.TC_LoginTestCases -->
    </test> <!-- Default test -->
  </suite> <!-- Default suite -->
</testng-results>
