<?xml version="1.0" encoding="UTF-8"?>
<testng-results ignored="0" total="4" passed="4" failed="0" skipped="0">
  <reporter-output>
  </reporter-output>
  <suite started-at="2022-09-25T17:40:27 IST" name="Default suite" finished-at="2022-09-25T17:41:13 IST" duration-ms="46166">
    <groups>
    </groups>
    <test started-at="2022-09-25T17:40:27 IST" name="Default test" finished-at="2022-09-25T17:41:13 IST" duration-ms="46166">
      <class name="com.hybrid.TestClass.TC_LoginTestCases">
        <test-method is-config="true" signature="setup()[pri:0, instance:com.hybrid.TestClass.TC_LoginTestCases@58cbafc2]" started-at="2022-09-25T17:40:21 IST" name="setup" finished-at="2022-09-25T17:40:26 IST" duration-ms="5833" status="PASS">
          <reporter-output>
          </reporter-output>
        </test-method> <!-- setup -->
        <test-method signature="SetupStart()[pri:1, instance:com.hybrid.TestClass.TC_LoginTestCases@58cbafc2]" started-at="2022-09-25T17:40:27 IST" name="SetupStart" finished-at="2022-09-25T17:40:32 IST" duration-ms="5298" status="PASS">
          <reporter-output>
          </reporter-output>
        </test-method> <!-- SetupStart -->
        <test-method signature="ClickonLoginBtn1()[pri:2, instance:com.hybrid.TestClass.TC_LoginTestCases@58cbafc2]" started-at="2022-09-25T17:40:32 IST" name="ClickonLoginBtn1" finished-at="2022-09-25T17:40:32 IST" duration-ms="172" status="PASS">
          <reporter-output>
          </reporter-output>
        </test-method> <!-- ClickonLoginBtn1 -->
        <test-method signature="EnterCread1()[pri:3, instance:com.hybrid.TestClass.TC_LoginTestCases@58cbafc2]" started-at="2022-09-25T17:40:32 IST" name="EnterCread1" finished-at="2022-09-25T17:41:02 IST" duration-ms="29644" status="PASS">
          <reporter-output>
          </reporter-output>
        </test-method> <!-- EnterCread1 -->
        <test-method signature="ClickOnLogOut1()[pri:4, instance:com.hybrid.TestClass.TC_LoginTestCases@58cbafc2]" started-at="2022-09-25T17:41:02 IST" name="ClickOnLogOut1" finished-at="2022-09-25T17:41:13 IST" duration-ms="10916" status="PASS">
          <reporter-output>
          </reporter-output>
        </test-method> <!-- ClickOnLogOut1 -->
        <test-method is-config="true" signature="TearUp()[pri:0, instance:com.hybrid.TestClass.TC_LoginTestCases@58cbafc2]" started-at="2022-09-25T17:41:13 IST" name="TearUp" finished-at="2022-09-25T17:41:13 IST" duration-ms="397" status="PASS">
          <reporter-output>
          </reporter-output>
        </test-method> <!-- TearUp -->
      </class> <!-- com.hybrid.TestClass.TC_LoginTestCases -->
    </test> <!-- Default test -->
  </suite> <!-- Default suite -->
</testng-results>
